<?xml version="1.0" encoding="UTF-8"?>
<testsuites name="Student Portal" time="84.706" tests="2" failures="0" skips="0" errors="0">
   <testsuite name="Student Portal" tests="2" failures="0" errors="0" time="84.706" skips="0" timestamp="2021-03-18 18:16:25" hostname="nelly - nelly" id="Test Suites/Karatina University/Student Portal">
      <properties>
         <property name="deviceName" value=""/>
         <property name="devicePlatform" value=""/>
         <property name="logFolder" value="/home/nelly/git/Karatina-University-Tests/Reports/20210318_181613/Karatina University/Student Portal/20210318_181613"/>
         <property name="logFiles" value="/home/nelly/git/Karatina-University-Tests/Reports/20210318_181613/Karatina University/Student Portal/20210318_181613/execution0.log"/>
         <property name="attachments" value=""/>
         <property name="hostName" value="nelly - nelly"/>
         <property name="os" value="Linux 64bit"/>
         <property name="katalonVersion" value="7.9.1.208"/>
         <property name="browser" value="Chrome 89.0.4389.82"/>
         <property name="hostAddress" value="127.0.1.1"/>
         <property name="sessionId" value="b3ed2fa1b50a9eec224cbb6423940f1d"/>
         <property name="seleniumVersion" value="3.141.59"/>
         <property name="proxyInformation" value="ProxyInformation { proxyOption=NO_PROXY, proxyServerType=HTTP, username=, password=********, proxyServerAddress=, proxyServerPort=0, executionList=&quot;&quot;, isApplyToDesiredCapabilities=true }"/>
         <property name="platform" value="Linux"/>
      </properties>
      <testcase name="Test Cases/Student_Portal_login_test_case" time="32.049" classname="Test Cases/Student_Portal_login_test_case" status="PASSED">
         <system-out><![CDATA[2021-03-18 18:16:30 - [TEST_CASE][PASSED] - Test Cases/Student_Portal_login_test_case: Test Cases/Student_Portal_login_test_case

2021-03-18 18:16:33 - [TEST_STEP][PASSED] - openBrowser(""): Browser is opened with url: ''

2021-03-18 18:16:35 - [MESSAGE][INFO] - Starting 'Chrome' driver

2021-03-18 18:16:35 - [MESSAGE][INFO] - Action delay is set to 0 milliseconds

2021-03-18 18:16:41 - [MESSAGE][PASSED] - Browser is opened with url: ''

2021-03-18 18:16:41 - [TEST_STEP][PASSED] - navigateToUrl("https://karu.ac.ke/"): Navigate to 'https://karu.ac.ke/' successfully

2021-03-18 18:16:51 - [MESSAGE][PASSED] - Navigate to 'https://karu.ac.ke/' successfully

2021-03-18 18:16:51 - [TEST_STEP][PASSED] - click(findTestObject("Object Repository/Karu_Student_Portal_login/Page_Karatina University  Inspiring Innovat_c26485/a_Student Portal")): Object: 'Object Repository/Karu_Student_Portal_login/Page_Karatina University  Inspiring Innovat_c26485/a_Student Portal' is clicked on

2021-03-18 18:16:57 - [MESSAGE][PASSED] - Object: 'Object Repository/Karu_Student_Portal_login/Page_Karatina University  Inspiring Innovat_c26485/a_Student Portal' is clicked on

2021-03-18 18:16:57 - [TEST_STEP][PASSED] - setText(findTestObject("Object Repository/Karu_Student_Portal_login/Page_KarU  Log in/input_Username_ctl00MainContenttxtusername"), "p100/1207g/16"): Text 'p100/1207g/16' is set on object 'Object Repository/Karu_Student_Portal_login/Page_KarU  Log in/input_Username_ctl00MainContenttxtusername'

2021-03-18 18:16:59 - [MESSAGE][PASSED] - Text 'p100/1207g/16' is set on object 'Object Repository/Karu_Student_Portal_login/Page_KarU  Log in/input_Username_ctl00MainContenttxtusername'

2021-03-18 18:16:59 - [TEST_STEP][PASSED] - setEncryptedText(findTestObject("Object Repository/Karu_Student_Portal_login/Page_KarU  Log in/input_Password_ctl00MainContenttxtpass"), "hLGcqh1IeWFJeczCpKtBOg=="): Text ****** has been set on object 'Object Repository/Karu_Student_Portal_login/Page_KarU  Log in/input_Password_ctl00MainContenttxtpass'

2021-03-18 18:17:00 - [MESSAGE][PASSED] - Text ****** has been set on object 'Object Repository/Karu_Student_Portal_login/Page_KarU  Log in/input_Password_ctl00MainContenttxtpass'

2021-03-18 18:17:00 - [TEST_STEP][PASSED] - click(findTestObject("Object Repository/Karu_Student_Portal_login/Page_KarU  Log in/a_Sign In")): Object: 'Object Repository/Karu_Student_Portal_login/Page_KarU  Log in/a_Sign In' is clicked on

2021-03-18 18:17:01 - [MESSAGE][PASSED] - Object: 'Object Repository/Karu_Student_Portal_login/Page_KarU  Log in/a_Sign In' is clicked on

2021-03-18 18:17:01 - [TEST_STEP][PASSED] - closeBrowser(): Browser is closed

2021-03-18 18:17:02 - [MESSAGE][PASSED] - Browser is closed]]></system-out>
         <system-err><![CDATA[]]></system-err>
      </testcase>
      <testcase name="Test Cases/Student_Portal_Dashboard_test_case" time="48.292" classname="Test Cases/Student_Portal_Dashboard_test_case" status="PASSED">
         <system-out><![CDATA[2021-03-18 18:17:02 - [TEST_CASE][PASSED] - Test Cases/Student_Portal_Dashboard_test_case: Test Cases/Student_Portal_Dashboard_test_case

2021-03-18 18:17:03 - [TEST_STEP][PASSED] - openBrowser(""): Browser is opened with url: ''

2021-03-18 18:17:03 - [MESSAGE][INFO] - Starting 'Chrome' driver

2021-03-18 18:17:03 - [MESSAGE][INFO] - Action delay is set to 0 milliseconds

2021-03-18 18:17:05 - [MESSAGE][PASSED] - Browser is opened with url: ''

2021-03-18 18:17:05 - [TEST_STEP][PASSED] - navigateToUrl("http://students.karu.ac.ke/pages/Dashboard"): Navigate to 'http://students.karu.ac.ke/pages/Dashboard' successfully

2021-03-18 18:17:07 - [MESSAGE][PASSED] - Navigate to 'http://students.karu.ac.ke/pages/Dashboard' successfully

2021-03-18 18:17:07 - [TEST_STEP][PASSED] - click(findTestObject("Student_Dashboard/Page_KarU  Portal/a_Dashboard")): Object: 'Object Repository/Student_Dashboard/Page_KarU  Portal/a_Dashboard' is clicked on

2021-03-18 18:17:38 - [MESSAGE][INFO] - Unable to find the element located by 'By.xpath: //form[@id='form1']/div[3]/aside/section/ul/li[2]/a'. Please recheck the objects properties to make sure the desired element is located. 

2021-03-18 18:17:38 - [MESSAGE][WARNING] - [SELF-HEALING] Failed to find element with id 'Object Repository/Student_Dashboard/Page_KarU  Portal/a_Dashboard'. Try using Self-healing.

2021-03-18 18:17:39 - [MESSAGE][INFO] - [SELF-HEALING] Failed Locator: '//form[@id='form1']/div[3]/aside/section/ul/li[2]/a'.

2021-03-18 18:17:39 - [MESSAGE][INFO] - [SELF-HEALING] Failed Locator: '(.//*[normalize-space(text()) and normalize-space(.)='MAIN NAVIGATION'])[1]/following::a[1]'.

2021-03-18 18:17:42 - [MESSAGE][INFO] - [SELF-HEALING] Working Locator: '(.//*[normalize-space(text()) and normalize-space(.)='Logout'])[1]/following::a[2]'.

2021-03-18 18:17:45 - [MESSAGE][INFO] - [SELF-HEALING] Screenshot: /home/nelly/git/Karatina-University-Tests/Reports/Self-healing/Object Repository/Student_Dashboard/Page_KarU  Portal/a_Dashboard_neighbor.png

2021-03-18 18:17:45 - [MESSAGE][WARNING] - [SELF-HEALING] The current locator of test object 'Object Repository/Student_Dashboard/Page_KarU  Portal/a_Dashboard' was broken. Propose an alternative one: '(.//*[normalize-space(text()) and normalize-space(.)='Logout'])[1]/following::a[2]'.

2021-03-18 18:17:46 - [MESSAGE][PASSED] - Object: 'Object Repository/Student_Dashboard/Page_KarU  Portal/a_Dashboard' is clicked on

2021-03-18 18:17:47 - [TEST_STEP][PASSED] - click(findTestObject("Student_Dashboard/Page_KarU  Portal/a_Financials                                                                    4")): Object: 'Object Repository/Student_Dashboard/Page_KarU  Portal/a_Financials                                                                    4' is clicked on

2021-03-18 18:17:47 - [MESSAGE][PASSED] - Object: 'Object Repository/Student_Dashboard/Page_KarU  Portal/a_Financials                                                                    4' is clicked on

2021-03-18 18:17:47 - [TEST_STEP][PASSED] - click(findTestObject("Student_Dashboard/Page_KarU  Portal/a_Profoma Invoice")): Object: 'Object Repository/Student_Dashboard/Page_KarU  Portal/a_Profoma Invoice' is clicked on

2021-03-18 18:17:50 - [MESSAGE][PASSED] - Object: 'Object Repository/Student_Dashboard/Page_KarU  Portal/a_Profoma Invoice' is clicked on

2021-03-18 18:17:50 - [TEST_STEP][PASSED] - closeBrowser(): Browser is closed

2021-03-18 18:17:50 - [MESSAGE][PASSED] - Browser is closed]]></system-out>
         <system-err><![CDATA[]]></system-err>
      </testcase>
      <system-out><![CDATA[2021-03-18 18:16:25 - [TEST_SUITE][PASSED] - Student Portal: Test Cases/Student_Portal_Dashboard_test_case]]></system-out>
      <system-err><![CDATA[]]></system-err>
   </testsuite>
</testsuites>
